Determining if the pthread_create exist failed with the following output:
Change Dir: /home/autorobot/experiments/220625/catkin_ws/build/CMakeFiles/CMakeTmp

Run Build Command:"/usr/bin/make" "cmTC_3d6cc/fast"
/usr/bin/make -f CMakeFiles/cmTC_3d6cc.dir/build.make CMakeFiles/cmTC_3d6cc.dir/build
make[1]: Entering directory '/home/autorobot/experiments/220625/catkin_ws/build/CMakeFiles/CMakeTmp'
Building C object CMakeFiles/cmTC_3d6cc.dir/CheckSymbolExists.c.o
/usr/bin/cc    -o CMakeFiles/cmTC_3d6cc.dir/CheckSymbolExists.c.o   -c /home/autorobot/experiments/220625/catkin_ws/build/CMakeFiles/CMakeTmp/CheckSymbolExists.c
Linking C executable cmTC_3d6cc
/usr/bin/cmake -E cmake_link_script CMakeFiles/cmTC_3d6cc.dir/link.txt --verbose=1
/usr/bin/cc      -rdynamic CMakeFiles/cmTC_3d6cc.dir/CheckSymbolExists.c.o  -o cmTC_3d6cc 
CMakeFiles/cmTC_3d6cc.dir/CheckSymbolExists.c.o: In function `main':
CheckSymbolExists.c:(.text+0x1b): undefined reference to `pthread_create'
collect2: error: ld returned 1 exit status
CMakeFiles/cmTC_3d6cc.dir/build.make:97: recipe for target 'cmTC_3d6cc' failed
make[1]: *** [cmTC_3d6cc] Error 1
make[1]: Leaving directory '/home/autorobot/experiments/220625/catkin_ws/build/CMakeFiles/CMakeTmp'
Makefile:126: recipe for target 'cmTC_3d6cc/fast' failed
make: *** [cmTC_3d6cc/fast] Error 2

File /home/autorobot/experiments/220625/catkin_ws/build/CMakeFiles/CMakeTmp/CheckSymbolExists.c:
/* */
#include <pthread.h>

int main(int argc, char** argv)
{
  (void)argv;
#ifndef pthread_create
  return ((int*)(&pthread_create))[argc];
#else
  (void)argc;
  return 0;
#endif
}

Determining if the function pthread_create exists in the pthreads failed with the following output:
Change Dir: /home/autorobot/experiments/220625/catkin_ws/build/CMakeFiles/CMakeTmp

Run Build Command:"/usr/bin/make" "cmTC_2a79c/fast"
/usr/bin/make -f CMakeFiles/cmTC_2a79c.dir/build.make CMakeFiles/cmTC_2a79c.dir/build
make[1]: Entering directory '/home/autorobot/experiments/220625/catkin_ws/build/CMakeFiles/CMakeTmp'
Building C object CMakeFiles/cmTC_2a79c.dir/CheckFunctionExists.c.o
/usr/bin/cc   -DCHECK_FUNCTION_EXISTS=pthread_create   -o CMakeFiles/cmTC_2a79c.dir/CheckFunctionExists.c.o   -c /usr/share/cmake-3.10/Modules/CheckFunctionExists.c
Linking C executable cmTC_2a79c
/usr/bin/cmake -E cmake_link_script CMakeFiles/cmTC_2a79c.dir/link.txt --verbose=1
/usr/bin/cc  -DCHECK_FUNCTION_EXISTS=pthread_create    -rdynamic CMakeFiles/cmTC_2a79c.dir/CheckFunctionExists.c.o  -o cmTC_2a79c -lpthreads 
/usr/bin/ld: cannot find -lpthreads
collect2: error: ld returned 1 exit status
CMakeFiles/cmTC_2a79c.dir/build.make:97: recipe for target 'cmTC_2a79c' failed
make[1]: *** [cmTC_2a79c] Error 1
make[1]: Leaving directory '/home/autorobot/experiments/220625/catkin_ws/build/CMakeFiles/CMakeTmp'
Makefile:126: recipe for target 'cmTC_2a79c/fast' failed
make: *** [cmTC_2a79c/fast] Error 2


